This file contains any messages produced by compilers while
running configure, to aid debugging if configure makes a mistake.

It was created by mfbvar configure 0.4.0, which was
generated by GNU Autoconf 2.69.  Invocation command line was

  $ ./configure 

## --------- ##
## Platform. ##
## --------- ##

hostname = Sebastians-MacBook-Pro.local
uname -m = x86_64
uname -r = 18.2.0
uname -s = Darwin
uname -v = Darwin Kernel Version 18.2.0: Thu Dec 20 20:46:53 PST 2018; root:xnu-4903.241.1~1/RELEASE_X86_64

/usr/bin/uname -p = i386
/bin/uname -X     = unknown

/bin/arch              = unknown
/usr/bin/arch -k       = unknown
/usr/convex/getsysinfo = unknown
/usr/bin/hostinfo      = Mach kernel version:
	 Darwin Kernel Version 18.2.0: Thu Dec 20 20:46:53 PST 2018; root:xnu-4903.241.1~1/RELEASE_X86_64
Kernel configured for up to 4 processors.
2 processors are physically available.
4 processors are logically available.
Processor type: x86_64h (Intel x86-64h Haswell)
Processors active: 0 1 2 3
Primary memory available: 8.00 gigabytes
Default processor set: 389 tasks, 1907 threads, 4 processors
Load average: 4.06, Mach factor: 0.90
/bin/machine           = unknown
/usr/bin/oslevel       = unknown
/bin/universe          = unknown

PATH: /usr/bin
PATH: /bin
PATH: /usr/sbin
PATH: /sbin
PATH: /usr/local/bin
PATH: /Library/TeX/texbin
PATH: /usr/local/share/dotnet


## ----------- ##
## Core tests. ##
## ----------- ##

configure:1898: checking for C++ compiler version
configure:1907: clang++ -mmacosx-version-min=10.13 -std=gnu++11 --version >&5
Apple LLVM version 10.0.1 (clang-1001.0.46.4)
Target: x86_64-apple-darwin18.2.0
Thread model: posix
InstalledDir: /Applications/Xcode.app/Contents/Developer/Toolchains/XcodeDefault.xctoolchain/usr/bin
configure:1918: $? = 0
configure:1907: clang++ -mmacosx-version-min=10.13 -std=gnu++11 -v >&5
Apple LLVM version 10.0.1 (clang-1001.0.46.4)
Target: x86_64-apple-darwin18.2.0
Thread model: posix
InstalledDir: /Applications/Xcode.app/Contents/Developer/Toolchains/XcodeDefault.xctoolchain/usr/bin
clang: warning: argument unused during compilation: '-mmacosx-version-min=10.13' [-Wunused-command-line-argument]
clang: warning: argument unused during compilation: '-std=gnu++11' [-Wunused-command-line-argument]
configure:1918: $? = 0
configure:1907: clang++ -mmacosx-version-min=10.13 -std=gnu++11 -V >&5
clang: error: unsupported option '-V -Wno-atomic-implicit-seq-cst'
clang: error: no input files
configure:1918: $? = 1
configure:1907: clang++ -mmacosx-version-min=10.13 -std=gnu++11 -qversion >&5
clang: error: unknown argument '-qversion', did you mean '--version'?
clang: error: no input files
configure:1918: $? = 1
configure:1938: checking whether the C++ compiler works
configure:1960: clang++ -mmacosx-version-min=10.13 -std=gnu++11 -Wall -g -O2 -UNDEBUG -Wall -pedantic -g -O0   conftest.cpp  >&5
configure:1964: $? = 0
configure:2012: result: yes
configure:2015: checking for C++ compiler default output file name
configure:2017: result: a.out
configure:2023: checking for suffix of executables
configure:2030: clang++ -mmacosx-version-min=10.13 -std=gnu++11 -o conftest -Wall -g -O2 -UNDEBUG -Wall -pedantic -g -O0   conftest.cpp  >&5
configure:2034: $? = 0
configure:2056: result: 
configure:2078: checking whether we are cross compiling
configure:2086: clang++ -mmacosx-version-min=10.13 -std=gnu++11 -o conftest -Wall -g -O2 -UNDEBUG -Wall -pedantic -g -O0   conftest.cpp  >&5
configure:2090: $? = 0
configure:2097: ./conftest
configure:2101: $? = 0
configure:2116: result: no
configure:2121: checking for suffix of object files
configure:2143: clang++ -mmacosx-version-min=10.13 -std=gnu++11 -c -Wall -g -O2 -UNDEBUG -Wall -pedantic -g -O0  conftest.cpp >&5
configure:2147: $? = 0
configure:2168: result: o
configure:2172: checking whether we are using the GNU C++ compiler
configure:2191: clang++ -mmacosx-version-min=10.13 -std=gnu++11 -c -Wall -g -O2 -UNDEBUG -Wall -pedantic -g -O0  conftest.cpp >&5
configure:2191: $? = 0
configure:2200: result: yes
configure:2209: checking whether clang++ -mmacosx-version-min=10.13 -std=gnu++11 accepts -g
configure:2229: clang++ -mmacosx-version-min=10.13 -std=gnu++11 -c -g  conftest.cpp >&5
configure:2229: $? = 0
configure:2270: result: yes
configure:2299: checking how to run the C++ preprocessor
configure:2326: clang++ -mmacosx-version-min=10.13 -std=gnu++11 -E  conftest.cpp
configure:2326: $? = 0
configure:2340: clang++ -mmacosx-version-min=10.13 -std=gnu++11 -E  conftest.cpp
conftest.cpp:9:10: fatal error: 'ac_nonexistent.h' file not found
#include <ac_nonexistent.h>
         ^~~~~~~~~~~~~~~~~~
1 error generated.
configure:2340: $? = 1
configure: failed program was:
| /* confdefs.h */
| #define PACKAGE_NAME "mfbvar"
| #define PACKAGE_TARNAME "mfbvar"
| #define PACKAGE_VERSION "0.4.0"
| #define PACKAGE_STRING "mfbvar 0.4.0"
| #define PACKAGE_BUGREPORT ""
| #define PACKAGE_URL ""
| /* end confdefs.h.  */
| #include <ac_nonexistent.h>
configure:2365: result: clang++ -mmacosx-version-min=10.13 -std=gnu++11 -E
configure:2385: clang++ -mmacosx-version-min=10.13 -std=gnu++11 -E  conftest.cpp
configure:2385: $? = 0
configure:2399: clang++ -mmacosx-version-min=10.13 -std=gnu++11 -E  conftest.cpp
conftest.cpp:9:10: fatal error: 'ac_nonexistent.h' file not found
#include <ac_nonexistent.h>
         ^~~~~~~~~~~~~~~~~~
1 error generated.
configure:2399: $? = 1
configure: failed program was:
| /* confdefs.h */
| #define PACKAGE_NAME "mfbvar"
| #define PACKAGE_TARNAME "mfbvar"
| #define PACKAGE_VERSION "0.4.0"
| #define PACKAGE_STRING "mfbvar 0.4.0"
| #define PACKAGE_BUGREPORT ""
| #define PACKAGE_URL ""
| /* end confdefs.h.  */
| #include <ac_nonexistent.h>
configure:2436: checking for macOS
configure:2440: result: found
configure:2442: WARNING: OpenMP unavailable and turned off.
configure:2622: creating ./config.status

## ---------------------- ##
## Running config.status. ##
## ---------------------- ##

This file was extended by mfbvar config.status 0.4.0, which was
generated by GNU Autoconf 2.69.  Invocation command line was

  CONFIG_FILES    = 
  CONFIG_HEADERS  = 
  CONFIG_LINKS    = 
  CONFIG_COMMANDS = 
  $ ./config.status 

on Sebastians-MacBook-Pro.local

config.status:722: creating src/Makevars

## ---------------- ##
## Cache variables. ##
## ---------------- ##

ac_cv_cxx_compiler_gnu=yes
ac_cv_env_CCC_set=
ac_cv_env_CCC_value=
ac_cv_env_CPPFLAGS_set=
ac_cv_env_CPPFLAGS_value=
ac_cv_env_CXXCPP_set=
ac_cv_env_CXXCPP_value=
ac_cv_env_CXXFLAGS_set=
ac_cv_env_CXXFLAGS_value=
ac_cv_env_CXX_set=
ac_cv_env_CXX_value=
ac_cv_env_LDFLAGS_set=
ac_cv_env_LDFLAGS_value=
ac_cv_env_LIBS_set=
ac_cv_env_LIBS_value=
ac_cv_env_build_alias_set=
ac_cv_env_build_alias_value=
ac_cv_env_host_alias_set=
ac_cv_env_host_alias_value=
ac_cv_env_target_alias_set=
ac_cv_env_target_alias_value=
ac_cv_objext=o
ac_cv_prog_CXXCPP='clang++ -mmacosx-version-min=10.13 -std=gnu++11 -E'
ac_cv_prog_cxx_g=yes

## ----------------- ##
## Output variables. ##
## ----------------- ##

CPPFLAGS=''
CXX='clang++ -mmacosx-version-min=10.13 -std=gnu++11'
CXXCPP='clang++ -mmacosx-version-min=10.13 -std=gnu++11 -E'
CXXFLAGS='-Wall -g -O2 -UNDEBUG -Wall -pedantic -g -O0'
DEFS='-DPACKAGE_NAME=\"mfbvar\" -DPACKAGE_TARNAME=\"mfbvar\" -DPACKAGE_VERSION=\"0.4.0\" -DPACKAGE_STRING=\"mfbvar\ 0.4.0\" -DPACKAGE_BUGREPORT=\"\" -DPACKAGE_URL=\"\"'
ECHO_C='\c'
ECHO_N=''
ECHO_T=''
EXEEXT=''
LDFLAGS=''
LIBOBJS=''
LIBS=''
LTLIBOBJS=''
OBJEXT='o'
OPENMP_CFLAG=''
OPENMP_FLAG='-DARMA_DONT_USE_OPENMP'
PACKAGE_BUGREPORT=''
PACKAGE_NAME='mfbvar'
PACKAGE_STRING='mfbvar 0.4.0'
PACKAGE_TARNAME='mfbvar'
PACKAGE_URL=''
PACKAGE_VERSION='0.4.0'
PATH_SEPARATOR=':'
SHELL='/bin/sh'
ac_ct_CXX=''
bindir='${exec_prefix}/bin'
build_alias=''
datadir='${datarootdir}'
datarootdir='${prefix}/share'
docdir='${datarootdir}/doc/${PACKAGE_TARNAME}'
dvidir='${docdir}'
exec_prefix='${prefix}'
host_alias=''
htmldir='${docdir}'
includedir='${prefix}/include'
infodir='${datarootdir}/info'
libdir='${exec_prefix}/lib'
libexecdir='${exec_prefix}/libexec'
localedir='${datarootdir}/locale'
localstatedir='${prefix}/var'
mandir='${datarootdir}/man'
oldincludedir='/usr/include'
pdfdir='${docdir}'
prefix='/usr/local'
program_transform_name='s,x,x,'
psdir='${docdir}'
sbindir='${exec_prefix}/sbin'
sharedstatedir='${prefix}/com'
sysconfdir='${prefix}/etc'
target_alias=''

## ----------- ##
## confdefs.h. ##
## ----------- ##

/* confdefs.h */
#define PACKAGE_NAME "mfbvar"
#define PACKAGE_TARNAME "mfbvar"
#define PACKAGE_VERSION "0.4.0"
#define PACKAGE_STRING "mfbvar 0.4.0"
#define PACKAGE_BUGREPORT ""
#define PACKAGE_URL ""

configure: exit 0
